# JRE version: Java(TM) SE Runtime Environment (8.0_301-b09) (build 1.8.0_301-b09)
# Java VM: Java HotSpot(TM) 64-Bit Server VM (25.301-b09 mixed mode windows-amd64 compressed oops)
Heap:
 PSYoungGen      total 219136K, used 129267K [0x00000000d5580000, 0x00000000e4300000, 0x0000000100000000)
  eden space 205312K, 56% used [0x00000000d5580000,0x00000000dc641820,0x00000000e1e00000)
  from space 13824K, 99% used [0x00000000e1e00000,0x00000000e2b7b700,0x00000000e2b80000)
  to   space 13824K, 0% used [0x00000000e2b80000,0x00000000e2b80000,0x00000000e3900000)
 ParOldGen       total 101888K, used 20391K [0x0000000080000000, 0x0000000086380000, 0x00000000d5580000)
  object space 101888K, 20% used [0x0000000080000000,0x00000000813e9c08,0x0000000086380000)
 Metaspace       used 53053K, capacity 55716K, committed 56064K, reserved 1097728K
  class space    used 7346K, capacity 7869K, committed 7936K, reserved 1048576K
GC Heap History (10 events):
Event: 2.499 GC heap before
{Heap before GC invocations=5 (full 1):
 PSYoungGen      total 140800K, used 9374K [0x00000000d5580000, 0x00000000de980000, 0x0000000100000000)
  eden space 130048K, 0% used [0x00000000d5580000,0x00000000d5580000,0x00000000dd480000)
  from space 10752K, 87% used [0x00000000ddf00000,0x00000000de827bb8,0x00000000de980000)
  to   space 10752K, 0% used [0x00000000dd480000,0x00000000dd480000,0x00000000ddf00000)
 ParOldGen       total 173568K, used 40K [0x0000000080000000, 0x000000008a980000, 0x00000000d5580000)
  object space 173568K, 0% used [0x0000000080000000,0x000000008000a000,0x000000008a980000)
 Metaspace       used 20348K, capacity 21114K, committed 21296K, reserved 1067008K
  class space    used 3009K, capacity 3193K, committed 3200K, reserved 1048576K
Event: 2.525 GC heap after
Heap after GC invocations=5 (full 1):
 PSYoungGen      total 140800K, used 0K [0x00000000d5580000, 0x00000000de980000, 0x0000000100000000)
  eden space 130048K, 0% used [0x00000000d5580000,0x00000000d5580000,0x00000000dd480000)
  from space 10752K, 0% used [0x00000000ddf00000,0x00000000ddf00000,0x00000000de980000)
  to   space 10752K, 0% used [0x00000000dd480000,0x00000000dd480000,0x00000000ddf00000)
 ParOldGen       total 101888K, used 9092K [0x0000000080000000, 0x0000000086380000, 0x00000000d5580000)
  object space 101888K, 8% used [0x0000000080000000,0x00000000808e12b0,0x0000000086380000)
 Metaspace       used 20348K, capacity 21114K, committed 21296K, reserved 1067008K
  class space    used 3009K, capacity 3193K, committed 3200K, reserved 1048576K
}
Event: 3.530 GC heap before
{Heap before GC invocations=6 (full 1):
 PSYoungGen      total 140800K, used 130048K [0x00000000d5580000, 0x00000000de980000, 0x0000000100000000)
  eden space 130048K, 100% used [0x00000000d5580000,0x00000000dd480000,0x00000000dd480000)
  from space 10752K, 0% used [0x00000000ddf00000,0x00000000ddf00000,0x00000000de980000)
  to   space 10752K, 0% used [0x00000000dd480000,0x00000000dd480000,0x00000000ddf00000)
 ParOldGen       total 101888K, used 9092K [0x0000000080000000, 0x0000000086380000, 0x00000000d5580000)
  object space 101888K, 8% used [0x0000000080000000,0x00000000808e12b0,0x0000000086380000)
 Metaspace       used 31990K, capacity 33342K, committed 33664K, reserved 1077248K
  class space    used 4590K, capacity 4886K, committed 4992K, reserved 1048576K
Event: 3.544 GC heap after
Heap after GC invocations=6 (full 1):
 PSYoungGen      total 140800K, used 10739K [0x00000000d5580000, 0x00000000e3900000, 0x0000000100000000)
  eden space 130048K, 0% used [0x00000000d5580000,0x00000000d5580000,0x00000000dd480000)
  from space 10752K, 99% used [0x00000000dd480000,0x00000000ddefcf60,0x00000000ddf00000)
  to   space 13824K, 0% used [0x00000000e2b80000,0x00000000e2b80000,0x00000000e3900000)
 ParOldGen       total 101888K, used 11191K [0x0000000080000000, 0x0000000086380000, 0x00000000d5580000)
  object space 101888K, 10% used [0x0000000080000000,0x0000000080aedd18,0x0000000086380000)
 Metaspace       used 31990K, capacity 33342K, committed 33664K, reserved 1077248K
  class space    used 4590K, capacity 4886K, committed 4992K, reserved 1048576K
}
Event: 3.725 GC heap before
{Heap before GC invocations=7 (full 1):
 PSYoungGen      total 140800K, used 40665K [0x00000000d5580000, 0x00000000e3900000, 0x0000000100000000)
  eden space 130048K, 23% used [0x00000000d5580000,0x00000000d72b94c0,0x00000000dd480000)
  from space 10752K, 99% used [0x00000000dd480000,0x00000000ddefcf60,0x00000000ddf00000)
  to   space 13824K, 0% used [0x00000000e2b80000,0x00000000e2b80000,0x00000000e3900000)
 ParOldGen       total 101888K, used 11191K [0x0000000080000000, 0x0000000086380000, 0x00000000d5580000)
  object space 101888K, 10% used [0x0000000080000000,0x0000000080aedd18,0x0000000086380000)
 Metaspace       used 34142K, capacity 35452K, committed 35496K, reserved 1079296K
  class space    used 4810K, capacity 5101K, committed 5120K, reserved 1048576K
Event: 3.732 GC heap after
Heap after GC invocations=7 (full 1):
 PSYoungGen      total 219136K, used 7634K [0x00000000d5580000, 0x00000000e4300000, 0x0000000100000000)
  eden space 205312K, 0% used [0x00000000d5580000,0x00000000d5580000,0x00000000e1e00000)
  from space 13824K, 55% used [0x00000000e2b80000,0x00000000e32f4a50,0x00000000e3900000)
  to   space 13824K, 0% used [0x00000000e1e00000,0x00000000e1e00000,0x00000000e2b80000)
 ParOldGen       total 101888K, used 11199K [0x0000000080000000, 0x0000000086380000, 0x00000000d5580000)
  object space 101888K, 10% used [0x0000000080000000,0x0000000080aefd18,0x0000000086380000)
 Metaspace       used 34142K, capacity 35452K, committed 35496K, reserved 1079296K
  class space    used 4810K, capacity 5101K, committed 5120K, reserved 1048576K
}
Event: 3.732 GC heap before
{Heap before GC invocations=8 (full 2):
 PSYoungGen      total 219136K, used 7634K [0x00000000d5580000, 0x00000000e4300000, 0x0000000100000000)
  eden space 205312K, 0% used [0x00000000d5580000,0x00000000d5580000,0x00000000e1e00000)
  from space 13824K, 55% used [0x00000000e2b80000,0x00000000e32f4a50,0x00000000e3900000)
  to   space 13824K, 0% used [0x00000000e1e00000,0x00000000e1e00000,0x00000000e2b80000)
 ParOldGen       total 101888K, used 11199K [0x0000000080000000, 0x0000000086380000, 0x00000000d5580000)
  object space 101888K, 10% used [0x0000000080000000,0x0000000080aefd18,0x0000000086380000)
 Metaspace       used 34142K, capacity 35452K, committed 35496K, reserved 1079296K
  class space    used 4810K, capacity 5101K, committed 5120K, reserved 1048576K
Event: 3.765 GC heap after
Heap after GC invocations=8 (full 2):
 PSYoungGen      total 219136K, used 0K [0x00000000d5580000, 0x00000000e4300000, 0x0000000100000000)
  eden space 205312K, 0% used [0x00000000d5580000,0x00000000d5580000,0x00000000e1e00000)
  from space 13824K, 0% used [0x00000000e2b80000,0x00000000e2b80000,0x00000000e3900000)
  to   space 13824K, 0% used [0x00000000e1e00000,0x00000000e1e00000,0x00000000e2b80000)
 ParOldGen       total 101888K, used 14540K [0x0000000080000000, 0x0000000086380000, 0x00000000d5580000)
  object space 101888K, 14% used [0x0000000080000000,0x0000000080e332a0,0x0000000086380000)
 Metaspace       used 34142K, capacity 35452K, committed 35496K, reserved 1079296K
  class space    used 4810K, capacity 5101K, committed 5120K, reserved 1048576K
}
Event: 5.366 GC heap before
{Heap before GC invocations=9 (full 2):
 PSYoungGen      total 219136K, used 205312K [0x00000000d5580000, 0x00000000e4300000, 0x0000000100000000)
  eden space 205312K, 100% used [0x00000000d5580000,0x00000000e1e00000,0x00000000e1e00000)
  from space 13824K, 0% used [0x00000000e2b80000,0x00000000e2b80000,0x00000000e3900000)
  to   space 13824K, 0% used [0x00000000e1e00000,0x00000000e1e00000,0x00000000e2b80000)
 ParOldGen       total 101888K, used 14540K [0x0000000080000000, 0x0000000086380000, 0x00000000d5580000)
  object space 101888K, 14% used [0x0000000080000000,0x0000000080e332a0,0x0000000086380000)
 Metaspace       used 45304K, capacity 47610K, committed 47744K, reserved 1089536K
  class space    used 6300K, capacity 6769K, committed 6784K, reserved 1048576K
Event: 5.380 GC heap after
Heap after GC invocations=9 (full 2):
 PSYoungGen      total 219136K, used 13805K [0x00000000d5580000, 0x00000000e4300000, 0x0000000100000000)
  eden space 205312K, 0% used [0x00000000d5580000,0x00000000d5580000,0x00000000e1e00000)
  from space 13824K, 99% used [0x00000000e1e00000,0x00000000e2b7b700,0x00000000e2b80000)
  to   space 13824K, 0% used [0x00000000e2b80000,0x00000000e2b80000,0x00000000e3900000)
 ParOldGen       total 101888K, used 20391K [0x0000000080000000, 0x0000000086380000, 0x00000000d5580000)
  object space 101888K, 20% used [0x0000000080000000,0x00000000813e9c08,0x0000000086380000)
 Metaspace       used 45304K, capacity 47610K, committed 47744K, reserved 1089536K
  class space    used 6300K, capacity 6769K, committed 6784K, reserved 1048576K
}

