# JRE version: Java(TM) SE Runtime Environment (8.0_301-b09) (build 1.8.0_301-b09)
# Java VM: Java HotSpot(TM) 64-Bit Server VM (25.301-b09 mixed mode windows-amd64 compressed oops)
Heap:
 PSYoungGen      total 105984K, used 9809K [0x00000000d5580000, 0x00000000dfa80000, 0x0000000100000000)
  eden space 93696K, 10% used [0x00000000d5580000,0x00000000d5f146a8,0x00000000db100000)
  from space 12288K, 0% used [0x00000000db100000,0x00000000db100000,0x00000000dbd00000)
  to   space 12288K, 0% used [0x00000000dee80000,0x00000000dee80000,0x00000000dfa80000)
 ParOldGen       total 173056K, used 14158K [0x0000000080000000, 0x000000008a900000, 0x00000000d5580000)
  object space 173056K, 8% used [0x0000000080000000,0x0000000080dd3b88,0x000000008a900000)
 Metaspace       used 34398K, capacity 35836K, committed 35968K, reserved 1079296K
  class space    used 4844K, capacity 5142K, committed 5248K, reserved 1048576K
GC Heap History (10 events):
Event: 3.324 GC heap before
{Heap before GC invocations=5 (full 1):
 PSYoungGen      total 75776K, used 9313K [0x00000000d5580000, 0x00000000daa00000, 0x0000000100000000)
  eden space 65024K, 0% used [0x00000000d5580000,0x00000000d5580000,0x00000000d9500000)
  from space 10752K, 86% used [0x00000000d9f80000,0x00000000da898708,0x00000000daa00000)
  to   space 10752K, 0% used [0x00000000d9500000,0x00000000d9500000,0x00000000d9f80000)
 ParOldGen       total 173568K, used 40K [0x0000000080000000, 0x000000008a980000, 0x00000000d5580000)
  object space 173568K, 0% used [0x0000000080000000,0x000000008000a000,0x000000008a980000)
 Metaspace       used 20346K, capacity 21114K, committed 21296K, reserved 1067008K
  class space    used 3009K, capacity 3193K, committed 3200K, reserved 1048576K
Event: 3.358 GC heap after
Heap after GC invocations=5 (full 1):
 PSYoungGen      total 75776K, used 0K [0x00000000d5580000, 0x00000000daa00000, 0x0000000100000000)
  eden space 65024K, 0% used [0x00000000d5580000,0x00000000d5580000,0x00000000d9500000)
  from space 10752K, 0% used [0x00000000d9f80000,0x00000000d9f80000,0x00000000daa00000)
  to   space 10752K, 0% used [0x00000000d9500000,0x00000000d9500000,0x00000000d9f80000)
 ParOldGen       total 110080K, used 9099K [0x0000000080000000, 0x0000000086b80000, 0x00000000d5580000)
  object space 110080K, 8% used [0x0000000080000000,0x00000000808e2d68,0x0000000086b80000)
 Metaspace       used 20346K, capacity 21114K, committed 21296K, reserved 1067008K
  class space    used 3009K, capacity 3193K, committed 3200K, reserved 1048576K
}
Event: 3.925 GC heap before
{Heap before GC invocations=6 (full 1):
 PSYoungGen      total 75776K, used 65024K [0x00000000d5580000, 0x00000000daa00000, 0x0000000100000000)
  eden space 65024K, 100% used [0x00000000d5580000,0x00000000d9500000,0x00000000d9500000)
  from space 10752K, 0% used [0x00000000d9f80000,0x00000000d9f80000,0x00000000daa00000)
  to   space 10752K, 0% used [0x00000000d9500000,0x00000000d9500000,0x00000000d9f80000)
 ParOldGen       total 110080K, used 9099K [0x0000000080000000, 0x0000000086b80000, 0x00000000d5580000)
  object space 110080K, 8% used [0x0000000080000000,0x00000000808e2d68,0x0000000086b80000)
 Metaspace       used 24073K, capacity 24974K, committed 25216K, reserved 1071104K
  class space    used 3628K, capacity 3871K, committed 3968K, reserved 1048576K
Event: 3.929 GC heap after
Heap after GC invocations=6 (full 1):
 PSYoungGen      total 75776K, used 4909K [0x00000000d5580000, 0x00000000dc900000, 0x0000000100000000)
  eden space 65024K, 0% used [0x00000000d5580000,0x00000000d5580000,0x00000000d9500000)
  from space 10752K, 45% used [0x00000000d9500000,0x00000000d99cb5c0,0x00000000d9f80000)
  to   space 12288K, 0% used [0x00000000dbd00000,0x00000000dbd00000,0x00000000dc900000)
 ParOldGen       total 110080K, used 9107K [0x0000000080000000, 0x0000000086b80000, 0x00000000d5580000)
  object space 110080K, 8% used [0x0000000080000000,0x00000000808e4d68,0x0000000086b80000)
 Metaspace       used 24073K, capacity 24974K, committed 25216K, reserved 1071104K
  class space    used 3628K, capacity 3871K, committed 3968K, reserved 1048576K
}
Event: 4.875 GC heap before
{Heap before GC invocations=7 (full 1):
 PSYoungGen      total 75776K, used 69933K [0x00000000d5580000, 0x00000000dc900000, 0x0000000100000000)
  eden space 65024K, 100% used [0x00000000d5580000,0x00000000d9500000,0x00000000d9500000)
  from space 10752K, 45% used [0x00000000d9500000,0x00000000d99cb5c0,0x00000000d9f80000)
  to   space 12288K, 0% used [0x00000000dbd00000,0x00000000dbd00000,0x00000000dc900000)
 ParOldGen       total 110080K, used 9107K [0x0000000080000000, 0x0000000086b80000, 0x00000000d5580000)
  object space 110080K, 8% used [0x0000000080000000,0x00000000808e4d68,0x0000000086b80000)
 Metaspace       used 32164K, capacity 33502K, committed 33664K, reserved 1077248K
  class space    used 4622K, capacity 4918K, committed 4992K, reserved 1048576K
Event: 4.887 GC heap after
Heap after GC invocations=7 (full 1):
 PSYoungGen      total 105984K, used 9629K [0x00000000d5580000, 0x00000000dcb00000, 0x0000000100000000)
  eden space 93696K, 0% used [0x00000000d5580000,0x00000000d5580000,0x00000000db100000)
  from space 12288K, 78% used [0x00000000dbd00000,0x00000000dc667790,0x00000000dc900000)
  to   space 12288K, 0% used [0x00000000db100000,0x00000000db100000,0x00000000dbd00000)
 ParOldGen       total 110080K, used 9115K [0x0000000080000000, 0x0000000086b80000, 0x00000000d5580000)
  object space 110080K, 8% used [0x0000000080000000,0x00000000808e6d68,0x0000000086b80000)
 Metaspace       used 32164K, capacity 33502K, committed 33664K, reserved 1077248K
  class space    used 4622K, capacity 4918K, committed 4992K, reserved 1048576K
}
Event: 5.235 GC heap before
{Heap before GC invocations=8 (full 1):
 PSYoungGen      total 105984K, used 36055K [0x00000000d5580000, 0x00000000dcb00000, 0x0000000100000000)
  eden space 93696K, 28% used [0x00000000d5580000,0x00000000d6f4e640,0x00000000db100000)
  from space 12288K, 78% used [0x00000000dbd00000,0x00000000dc667790,0x00000000dc900000)
  to   space 12288K, 0% used [0x00000000db100000,0x00000000db100000,0x00000000dbd00000)
 ParOldGen       total 110080K, used 9115K [0x0000000080000000, 0x0000000086b80000, 0x00000000d5580000)
  object space 110080K, 8% used [0x0000000080000000,0x00000000808e6d68,0x0000000086b80000)
 Metaspace       used 34085K, capacity 35452K, committed 35496K, reserved 1079296K
  class space    used 4809K, capacity 5101K, committed 5120K, reserved 1048576K
Event: 5.243 GC heap after
Heap after GC invocations=8 (full 1):
 PSYoungGen      total 105984K, used 7304K [0x00000000d5580000, 0x00000000dfa80000, 0x0000000100000000)
  eden space 93696K, 0% used [0x00000000d5580000,0x00000000d5580000,0x00000000db100000)
  from space 12288K, 59% used [0x00000000db100000,0x00000000db822190,0x00000000dbd00000)
  to   space 12288K, 0% used [0x00000000dee80000,0x00000000dee80000,0x00000000dfa80000)
 ParOldGen       total 110080K, used 9123K [0x0000000080000000, 0x0000000086b80000, 0x00000000d5580000)
  object space 110080K, 8% used [0x0000000080000000,0x00000000808e8d68,0x0000000086b80000)
 Metaspace       used 34085K, capacity 35452K, committed 35496K, reserved 1079296K
  class space    used 4809K, capacity 5101K, committed 5120K, reserved 1048576K
}
Event: 5.243 GC heap before
{Heap before GC invocations=9 (full 2):
 PSYoungGen      total 105984K, used 7304K [0x00000000d5580000, 0x00000000dfa80000, 0x0000000100000000)
  eden space 93696K, 0% used [0x00000000d5580000,0x00000000d5580000,0x00000000db100000)
  from space 12288K, 59% used [0x00000000db100000,0x00000000db822190,0x00000000dbd00000)
  to   space 12288K, 0% used [0x00000000dee80000,0x00000000dee80000,0x00000000dfa80000)
 ParOldGen       total 110080K, used 9123K [0x0000000080000000, 0x0000000086b80000, 0x00000000d5580000)
  object space 110080K, 8% used [0x0000000080000000,0x00000000808e8d68,0x0000000086b80000)
 Metaspace       used 34085K, capacity 35452K, committed 35496K, reserved 1079296K
  class space    used 4809K, capacity 5101K, committed 5120K, reserved 1048576K
Event: 5.285 GC heap after
Heap after GC invocations=9 (full 2):
 PSYoungGen      total 105984K, used 0K [0x00000000d5580000, 0x00000000dfa80000, 0x0000000100000000)
  eden space 93696K, 0% used [0x00000000d5580000,0x00000000d5580000,0x00000000db100000)
  from space 12288K, 0% used [0x00000000db100000,0x00000000db100000,0x00000000dbd00000)
  to   space 12288K, 0% used [0x00000000dee80000,0x00000000dee80000,0x00000000dfa80000)
 ParOldGen       total 173056K, used 14158K [0x0000000080000000, 0x000000008a900000, 0x00000000d5580000)
  object space 173056K, 8% used [0x0000000080000000,0x0000000080dd3b88,0x000000008a900000)
 Metaspace       used 34085K, capacity 35452K, committed 35496K, reserved 1079296K
  class space    used 4809K, capacity 5101K, committed 5120K, reserved 1048576K
}

