# JRE version: Java(TM) SE Runtime Environment (8.0_301-b09) (build 1.8.0_301-b09)
# Java VM: Java HotSpot(TM) 64-Bit Server VM (25.301-b09 mixed mode windows-amd64 compressed oops)
Heap:
 PSYoungGen      total 154624K, used 103344K [0x00000000d5580000, 0x00000000e0980000, 0x0000000100000000)
  eden space 142848K, 64% used [0x00000000d5580000,0x00000000daeec460,0x00000000de100000)
  from space 11776K, 99% used [0x00000000df280000,0x00000000dfdfff50,0x00000000dfe00000)
  to   space 7680K, 0% used [0x00000000e0200000,0x00000000e0200000,0x00000000e0980000)
 ParOldGen       total 157184K, used 25203K [0x0000000080000000, 0x0000000089980000, 0x00000000d5580000)
  object space 157184K, 16% used [0x0000000080000000,0x000000008189ce10,0x0000000089980000)
 Metaspace       used 55082K, capacity 57762K, committed 57984K, reserved 1099776K
  class space    used 7650K, capacity 8202K, committed 8320K, reserved 1048576K
GC Heap History (10 events):
Event: 3.710 GC heap before
{Heap before GC invocations=7 (full 1):
 PSYoungGen      total 75776K, used 69972K [0x00000000d5580000, 0x00000000dd000000, 0x0000000100000000)
  eden space 65024K, 100% used [0x00000000d5580000,0x00000000d9500000,0x00000000d9500000)
  from space 10752K, 46% used [0x00000000d9500000,0x00000000d99d5100,0x00000000d9f80000)
  to   space 12288K, 0% used [0x00000000dc400000,0x00000000dc400000,0x00000000dd000000)
 ParOldGen       total 101888K, used 9067K [0x0000000080000000, 0x0000000086380000, 0x00000000d5580000)
  object space 101888K, 8% used [0x0000000080000000,0x00000000808dad48,0x0000000086380000)
 Metaspace       used 32133K, capacity 33406K, committed 33664K, reserved 1077248K
  class space    used 4616K, capacity 4886K, committed 4992K, reserved 1048576K
Event: 3.718 GC heap after
Heap after GC invocations=7 (full 1):
 PSYoungGen      total 112640K, used 9701K [0x00000000d5580000, 0x00000000dd180000, 0x0000000100000000)
  eden space 100352K, 0% used [0x00000000d5580000,0x00000000d5580000,0x00000000db780000)
  from space 12288K, 78% used [0x00000000dc400000,0x00000000dcd795a0,0x00000000dd000000)
  to   space 12800K, 0% used [0x00000000db780000,0x00000000db780000,0x00000000dc400000)
 ParOldGen       total 101888K, used 9075K [0x0000000080000000, 0x0000000086380000, 0x00000000d5580000)
  object space 101888K, 8% used [0x0000000080000000,0x00000000808dcd48,0x0000000086380000)
 Metaspace       used 32133K, capacity 33406K, committed 33664K, reserved 1077248K
  class space    used 4616K, capacity 4886K, committed 4992K, reserved 1048576K
}
Event: 3.889 GC heap before
{Heap before GC invocations=8 (full 1):
 PSYoungGen      total 112640K, used 37148K [0x00000000d5580000, 0x00000000dd180000, 0x0000000100000000)
  eden space 100352K, 27% used [0x00000000d5580000,0x00000000d704ddf0,0x00000000db780000)
  from space 12288K, 78% used [0x00000000dc400000,0x00000000dcd795a0,0x00000000dd000000)
  to   space 12800K, 0% used [0x00000000db780000,0x00000000db780000,0x00000000dc400000)
 ParOldGen       total 101888K, used 9075K [0x0000000080000000, 0x0000000086380000, 0x00000000d5580000)
  object space 101888K, 8% used [0x0000000080000000,0x00000000808dcd48,0x0000000086380000)
 Metaspace       used 34138K, capacity 35452K, committed 35496K, reserved 1079296K
  class space    used 4813K, capacity 5101K, committed 5120K, reserved 1048576K
Event: 3.895 GC heap after
Heap after GC invocations=8 (full 1):
 PSYoungGen      total 113152K, used 7428K [0x00000000d5580000, 0x00000000e0e00000, 0x0000000100000000)
  eden space 100352K, 0% used [0x00000000d5580000,0x00000000d5580000,0x00000000db780000)
  from space 12800K, 58% used [0x00000000db780000,0x00000000dbec1180,0x00000000dc400000)
  to   space 12288K, 0% used [0x00000000e0200000,0x00000000e0200000,0x00000000e0e00000)
 ParOldGen       total 101888K, used 9083K [0x0000000080000000, 0x0000000086380000, 0x00000000d5580000)
  object space 101888K, 8% used [0x0000000080000000,0x00000000808ded48,0x0000000086380000)
 Metaspace       used 34138K, capacity 35452K, committed 35496K, reserved 1079296K
  class space    used 4813K, capacity 5101K, committed 5120K, reserved 1048576K
}
Event: 3.895 GC heap before
{Heap before GC invocations=9 (full 2):
 PSYoungGen      total 113152K, used 7428K [0x00000000d5580000, 0x00000000e0e00000, 0x0000000100000000)
  eden space 100352K, 0% used [0x00000000d5580000,0x00000000d5580000,0x00000000db780000)
  from space 12800K, 58% used [0x00000000db780000,0x00000000dbec1180,0x00000000dc400000)
  to   space 12288K, 0% used [0x00000000e0200000,0x00000000e0200000,0x00000000e0e00000)
 ParOldGen       total 101888K, used 9083K [0x0000000080000000, 0x0000000086380000, 0x00000000d5580000)
  object space 101888K, 8% used [0x0000000080000000,0x00000000808ded48,0x0000000086380000)
 Metaspace       used 34138K, capacity 35452K, committed 35496K, reserved 1079296K
  class space    used 4813K, capacity 5101K, committed 5120K, reserved 1048576K
Event: 3.931 GC heap after
Heap after GC invocations=9 (full 2):
 PSYoungGen      total 113152K, used 0K [0x00000000d5580000, 0x00000000e0e00000, 0x0000000100000000)
  eden space 100352K, 0% used [0x00000000d5580000,0x00000000d5580000,0x00000000db780000)
  from space 12800K, 0% used [0x00000000db780000,0x00000000db780000,0x00000000dc400000)
  to   space 12288K, 0% used [0x00000000e0200000,0x00000000e0200000,0x00000000e0e00000)
 ParOldGen       total 157184K, used 14306K [0x0000000080000000, 0x0000000089980000, 0x00000000d5580000)
  object space 157184K, 9% used [0x0000000080000000,0x0000000080df8808,0x0000000089980000)
 Metaspace       used 34138K, capacity 35452K, committed 35496K, reserved 1079296K
  class space    used 4813K, capacity 5101K, committed 5120K, reserved 1048576K
}
Event: 4.789 GC heap before
{Heap before GC invocations=10 (full 2):
 PSYoungGen      total 113152K, used 100352K [0x00000000d5580000, 0x00000000e0e00000, 0x0000000100000000)
  eden space 100352K, 100% used [0x00000000d5580000,0x00000000db780000,0x00000000db780000)
  from space 12800K, 0% used [0x00000000db780000,0x00000000db780000,0x00000000dc400000)
  to   space 12288K, 0% used [0x00000000e0200000,0x00000000e0200000,0x00000000e0e00000)
 ParOldGen       total 157184K, used 14306K [0x0000000080000000, 0x0000000089980000, 0x00000000d5580000)
  object space 157184K, 9% used [0x0000000080000000,0x0000000080df8808,0x0000000089980000)
 Metaspace       used 38030K, capacity 39850K, committed 40192K, reserved 1083392K
  class space    used 5391K, capacity 5778K, committed 5888K, reserved 1048576K
Event: 4.795 GC heap after
Heap after GC invocations=10 (full 2):
 PSYoungGen      total 150528K, used 7334K [0x00000000d5580000, 0x00000000e0980000, 0x0000000100000000)
  eden space 142848K, 0% used [0x00000000d5580000,0x00000000d5580000,0x00000000de100000)
  from space 7680K, 95% used [0x00000000e0200000,0x00000000e0929868,0x00000000e0980000)
  to   space 11776K, 0% used [0x00000000df280000,0x00000000df280000,0x00000000dfe00000)
 ParOldGen       total 157184K, used 14314K [0x0000000080000000, 0x0000000089980000, 0x00000000d5580000)
  object space 157184K, 9% used [0x0000000080000000,0x0000000080dfa808,0x0000000089980000)
 Metaspace       used 38030K, capacity 39850K, committed 40192K, reserved 1083392K
  class space    used 5391K, capacity 5778K, committed 5888K, reserved 1048576K
}
Event: 6.549 GC heap before
{Heap before GC invocations=11 (full 2):
 PSYoungGen      total 150528K, used 150182K [0x00000000d5580000, 0x00000000e0980000, 0x0000000100000000)
  eden space 142848K, 100% used [0x00000000d5580000,0x00000000de100000,0x00000000de100000)
  from space 7680K, 95% used [0x00000000e0200000,0x00000000e0929868,0x00000000e0980000)
  to   space 11776K, 0% used [0x00000000df280000,0x00000000df280000,0x00000000dfe00000)
 ParOldGen       total 157184K, used 14314K [0x0000000080000000, 0x0000000089980000, 0x00000000d5580000)
  object space 157184K, 9% used [0x0000000080000000,0x0000000080dfa808,0x0000000089980000)
 Metaspace       used 49890K, capacity 52352K, committed 52608K, reserved 1093632K
  class space    used 6928K, capacity 7425K, committed 7552K, reserved 1048576K
Event: 6.564 GC heap after
Heap after GC invocations=11 (full 2):
 PSYoungGen      total 154624K, used 11775K [0x00000000d5580000, 0x00000000e0980000, 0x0000000100000000)
  eden space 142848K, 0% used [0x00000000d5580000,0x00000000d5580000,0x00000000de100000)
  from space 11776K, 99% used [0x00000000df280000,0x00000000dfdfff50,0x00000000dfe00000)
  to   space 7680K, 0% used [0x00000000e0200000,0x00000000e0200000,0x00000000e0980000)
 ParOldGen       total 157184K, used 25203K [0x0000000080000000, 0x0000000089980000, 0x00000000d5580000)
  object space 157184K, 16% used [0x0000000080000000,0x000000008189ce10,0x0000000089980000)
 Metaspace       used 49890K, capacity 52352K, committed 52608K, reserved 1093632K
  class space    used 6928K, capacity 7425K, committed 7552K, reserved 1048576K
}

