# JRE version: Java(TM) SE Runtime Environment (8.0_301-b09) (build 1.8.0_301-b09)
# Java VM: Java HotSpot(TM) 64-Bit Server VM (25.301-b09 mixed mode windows-amd64 compressed oops)
Heap:
 PSYoungGen      total 147968K, used 47287K [0x00000000d5580000, 0x00000000e0480000, 0x0000000100000000)
  eden space 140288K, 28% used [0x00000000d5580000,0x00000000d7c91708,0x00000000dde80000)
  from space 7680K, 94% used [0x00000000dfd00000,0x00000000e041c738,0x00000000e0480000)
  to   space 11776K, 0% used [0x00000000ded80000,0x00000000ded80000,0x00000000df900000)
 ParOldGen       total 160768K, used 14226K [0x0000000080000000, 0x0000000089d00000, 0x00000000d5580000)
  object space 160768K, 8% used [0x0000000080000000,0x0000000080de4968,0x0000000089d00000)
 Metaspace       used 38929K, capacity 41022K, committed 41344K, reserved 1085440K
  class space    used 5519K, capacity 5944K, committed 6016K, reserved 1048576K
GC Heap History (10 events):
Event: 2.979 GC heap before
{Heap before GC invocations=6 (full 1):
 PSYoungGen      total 75776K, used 65024K [0x00000000d5580000, 0x00000000de980000, 0x0000000100000000)
  eden space 65024K, 100% used [0x00000000d5580000,0x00000000d9500000,0x00000000d9500000)
  from space 10752K, 0% used [0x00000000d9f80000,0x00000000d9f80000,0x00000000daa00000)
  to   space 10752K, 0% used [0x00000000d9500000,0x00000000d9500000,0x00000000d9f80000)
 ParOldGen       total 103936K, used 9099K [0x0000000080000000, 0x0000000086580000, 0x00000000d5580000)
  object space 103936K, 8% used [0x0000000080000000,0x00000000808e2e40,0x0000000086580000)
 Metaspace       used 24059K, capacity 24974K, committed 25216K, reserved 1071104K
  class space    used 3628K, capacity 3871K, committed 3968K, reserved 1048576K
Event: 2.983 GC heap after
Heap after GC invocations=6 (full 1):
 PSYoungGen      total 75776K, used 4946K [0x00000000d5580000, 0x00000000dce00000, 0x0000000100000000)
  eden space 65024K, 0% used [0x00000000d5580000,0x00000000d5580000,0x00000000d9500000)
  from space 10752K, 46% used [0x00000000d9500000,0x00000000d99d48c8,0x00000000d9f80000)
  to   space 12288K, 0% used [0x00000000dc200000,0x00000000dc200000,0x00000000dce00000)
 ParOldGen       total 103936K, used 9107K [0x0000000080000000, 0x0000000086580000, 0x00000000d5580000)
  object space 103936K, 8% used [0x0000000080000000,0x00000000808e4e40,0x0000000086580000)
 Metaspace       used 24059K, capacity 24974K, committed 25216K, reserved 1071104K
  class space    used 3628K, capacity 3871K, committed 3968K, reserved 1048576K
}
Event: 3.576 GC heap before
{Heap before GC invocations=7 (full 1):
 PSYoungGen      total 75776K, used 69970K [0x00000000d5580000, 0x00000000dce00000, 0x0000000100000000)
  eden space 65024K, 100% used [0x00000000d5580000,0x00000000d9500000,0x00000000d9500000)
  from space 10752K, 46% used [0x00000000d9500000,0x00000000d99d48c8,0x00000000d9f80000)
  to   space 12288K, 0% used [0x00000000dc200000,0x00000000dc200000,0x00000000dce00000)
 ParOldGen       total 103936K, used 9107K [0x0000000080000000, 0x0000000086580000, 0x00000000d5580000)
  object space 103936K, 8% used [0x0000000080000000,0x00000000808e4e40,0x0000000086580000)
 Metaspace       used 32143K, capacity 33502K, committed 33664K, reserved 1077248K
  class space    used 4624K, capacity 4918K, committed 4992K, reserved 1048576K
Event: 3.584 GC heap after
Heap after GC invocations=7 (full 1):
 PSYoungGen      total 110592K, used 9655K [0x00000000d5580000, 0x00000000dcf80000, 0x0000000100000000)
  eden space 98304K, 0% used [0x00000000d5580000,0x00000000d5580000,0x00000000db580000)
  from space 12288K, 78% used [0x00000000dc200000,0x00000000dcb6de28,0x00000000dce00000)
  to   space 12800K, 0% used [0x00000000db580000,0x00000000db580000,0x00000000dc200000)
 ParOldGen       total 103936K, used 9115K [0x0000000080000000, 0x0000000086580000, 0x00000000d5580000)
  object space 103936K, 8% used [0x0000000080000000,0x00000000808e6e40,0x0000000086580000)
 Metaspace       used 32143K, capacity 33502K, committed 33664K, reserved 1077248K
  class space    used 4624K, capacity 4918K, committed 4992K, reserved 1048576K
}
Event: 3.751 GC heap before
{Heap before GC invocations=8 (full 1):
 PSYoungGen      total 110592K, used 34970K [0x00000000d5580000, 0x00000000dcf80000, 0x0000000100000000)
  eden space 98304K, 25% used [0x00000000d5580000,0x00000000d6e38c30,0x00000000db580000)
  from space 12288K, 78% used [0x00000000dc200000,0x00000000dcb6de28,0x00000000dce00000)
  to   space 12800K, 0% used [0x00000000db580000,0x00000000db580000,0x00000000dc200000)
 ParOldGen       total 103936K, used 9115K [0x0000000080000000, 0x0000000086580000, 0x00000000d5580000)
  object space 103936K, 8% used [0x0000000080000000,0x00000000808e6e40,0x0000000086580000)
 Metaspace       used 34098K, capacity 35460K, committed 35496K, reserved 1079296K
  class space    used 4811K, capacity 5101K, committed 5120K, reserved 1048576K
Event: 3.758 GC heap after
Heap after GC invocations=8 (full 1):
 PSYoungGen      total 111104K, used 7436K [0x00000000d5580000, 0x00000000e0900000, 0x0000000100000000)
  eden space 98304K, 0% used [0x00000000d5580000,0x00000000d5580000,0x00000000db580000)
  from space 12800K, 58% used [0x00000000db580000,0x00000000dbcc32f8,0x00000000dc200000)
  to   space 12288K, 0% used [0x00000000dfd00000,0x00000000dfd00000,0x00000000e0900000)
 ParOldGen       total 103936K, used 9123K [0x0000000080000000, 0x0000000086580000, 0x00000000d5580000)
  object space 103936K, 8% used [0x0000000080000000,0x00000000808e8e40,0x0000000086580000)
 Metaspace       used 34098K, capacity 35460K, committed 35496K, reserved 1079296K
  class space    used 4811K, capacity 5101K, committed 5120K, reserved 1048576K
}
Event: 3.758 GC heap before
{Heap before GC invocations=9 (full 2):
 PSYoungGen      total 111104K, used 7436K [0x00000000d5580000, 0x00000000e0900000, 0x0000000100000000)
  eden space 98304K, 0% used [0x00000000d5580000,0x00000000d5580000,0x00000000db580000)
  from space 12800K, 58% used [0x00000000db580000,0x00000000dbcc32f8,0x00000000dc200000)
  to   space 12288K, 0% used [0x00000000dfd00000,0x00000000dfd00000,0x00000000e0900000)
 ParOldGen       total 103936K, used 9123K [0x0000000080000000, 0x0000000086580000, 0x00000000d5580000)
  object space 103936K, 8% used [0x0000000080000000,0x00000000808e8e40,0x0000000086580000)
 Metaspace       used 34098K, capacity 35460K, committed 35496K, reserved 1079296K
  class space    used 4811K, capacity 5101K, committed 5120K, reserved 1048576K
Event: 3.794 GC heap after
Heap after GC invocations=9 (full 2):
 PSYoungGen      total 111104K, used 0K [0x00000000d5580000, 0x00000000e0900000, 0x0000000100000000)
  eden space 98304K, 0% used [0x00000000d5580000,0x00000000d5580000,0x00000000db580000)
  from space 12800K, 0% used [0x00000000db580000,0x00000000db580000,0x00000000dc200000)
  to   space 12288K, 0% used [0x00000000dfd00000,0x00000000dfd00000,0x00000000e0900000)
 ParOldGen       total 160768K, used 14218K [0x0000000080000000, 0x0000000089d00000, 0x00000000d5580000)
  object space 160768K, 8% used [0x0000000080000000,0x0000000080de2968,0x0000000089d00000)
 Metaspace       used 34098K, capacity 35460K, committed 35496K, reserved 1079296K
  class space    used 4811K, capacity 5101K, committed 5120K, reserved 1048576K
}
Event: 4.446 GC heap before
{Heap before GC invocations=10 (full 2):
 PSYoungGen      total 111104K, used 98304K [0x00000000d5580000, 0x00000000e0900000, 0x0000000100000000)
  eden space 98304K, 100% used [0x00000000d5580000,0x00000000db580000,0x00000000db580000)
  from space 12800K, 0% used [0x00000000db580000,0x00000000db580000,0x00000000dc200000)
  to   space 12288K, 0% used [0x00000000dfd00000,0x00000000dfd00000,0x00000000e0900000)
 ParOldGen       total 160768K, used 14218K [0x0000000080000000, 0x0000000089d00000, 0x00000000d5580000)
  object space 160768K, 8% used [0x0000000080000000,0x0000000080de2968,0x0000000089d00000)
 Metaspace       used 37946K, capacity 39724K, committed 39808K, reserved 1083392K
  class space    used 5382K, capacity 5741K, committed 5760K, reserved 1048576K
Event: 4.452 GC heap after
Heap after GC invocations=10 (full 2):
 PSYoungGen      total 147968K, used 7281K [0x00000000d5580000, 0x00000000e0480000, 0x0000000100000000)
  eden space 140288K, 0% used [0x00000000d5580000,0x00000000d5580000,0x00000000dde80000)
  from space 7680K, 94% used [0x00000000dfd00000,0x00000000e041c738,0x00000000e0480000)
  to   space 11776K, 0% used [0x00000000ded80000,0x00000000ded80000,0x00000000df900000)
 ParOldGen       total 160768K, used 14226K [0x0000000080000000, 0x0000000089d00000, 0x00000000d5580000)
  object space 160768K, 8% used [0x0000000080000000,0x0000000080de4968,0x0000000089d00000)
 Metaspace       used 37946K, capacity 39724K, committed 39808K, reserved 1083392K
  class space    used 5382K, capacity 5741K, committed 5760K, reserved 1048576K
}

