# JRE version: Java(TM) SE Runtime Environment (8.0_301-b09) (build 1.8.0_301-b09)
# Java VM: Java HotSpot(TM) 64-Bit Server VM (25.301-b09 mixed mode windows-amd64 compressed oops)
Heap:
 PSYoungGen      total 161792K, used 112476K [0x00000000d5580000, 0x00000000e2280000, 0x0000000100000000)
  eden space 149504K, 67% used [0x00000000d5580000,0x00000000db75ca08,0x00000000de780000)
  from space 12288K, 99% used [0x00000000de780000,0x00000000df37a908,0x00000000df380000)
  to   space 16384K, 0% used [0x00000000e1280000,0x00000000e1280000,0x00000000e2280000)
 ParOldGen       total 159232K, used 21266K [0x0000000080000000, 0x0000000089b80000, 0x00000000d5580000)
  object space 159232K, 13% used [0x0000000080000000,0x00000000814c4a38,0x0000000089b80000)
 Metaspace       used 54645K, capacity 57316K, committed 57600K, reserved 1099776K
  class space    used 7559K, capacity 8099K, committed 8192K, reserved 1048576K
GC Heap History (10 events):
Event: 3.640 GC heap before
{Heap before GC invocations=7 (full 1):
 PSYoungGen      total 75776K, used 69757K [0x00000000d5580000, 0x00000000dcc80000, 0x0000000100000000)
  eden space 65024K, 100% used [0x00000000d5580000,0x00000000d9500000,0x00000000d9500000)
  from space 10752K, 44% used [0x00000000d9500000,0x00000000d999f638,0x00000000d9f80000)
  to   space 12288K, 0% used [0x00000000dc080000,0x00000000dc080000,0x00000000dcc80000)
 ParOldGen       total 104960K, used 9177K [0x0000000080000000, 0x0000000086680000, 0x00000000d5580000)
  object space 104960K, 8% used [0x0000000080000000,0x00000000808f67b0,0x0000000086680000)
 Metaspace       used 32182K, capacity 33454K, committed 33664K, reserved 1077248K
  class space    used 4624K, capacity 4918K, committed 4992K, reserved 1048576K
Event: 3.650 GC heap after
Heap after GC invocations=7 (full 1):
 PSYoungGen      total 109056K, used 9710K [0x00000000d5580000, 0x00000000dce80000, 0x0000000100000000)
  eden space 96768K, 0% used [0x00000000d5580000,0x00000000d5580000,0x00000000db400000)
  from space 12288K, 79% used [0x00000000dc080000,0x00000000dc9fb830,0x00000000dcc80000)
  to   space 12800K, 0% used [0x00000000db400000,0x00000000db400000,0x00000000dc080000)
 ParOldGen       total 104960K, used 9185K [0x0000000080000000, 0x0000000086680000, 0x00000000d5580000)
  object space 104960K, 8% used [0x0000000080000000,0x00000000808f87b0,0x0000000086680000)
 Metaspace       used 32182K, capacity 33454K, committed 33664K, reserved 1077248K
  class space    used 4624K, capacity 4918K, committed 4992K, reserved 1048576K
}
Event: 3.791 GC heap before
{Heap before GC invocations=8 (full 1):
 PSYoungGen      total 109056K, used 32167K [0x00000000d5580000, 0x00000000dce80000, 0x0000000100000000)
  eden space 96768K, 23% used [0x00000000d5580000,0x00000000d6b6e408,0x00000000db400000)
  from space 12288K, 79% used [0x00000000dc080000,0x00000000dc9fb830,0x00000000dcc80000)
  to   space 12800K, 0% used [0x00000000db400000,0x00000000db400000,0x00000000dc080000)
 ParOldGen       total 104960K, used 9185K [0x0000000080000000, 0x0000000086680000, 0x00000000d5580000)
  object space 104960K, 8% used [0x0000000080000000,0x00000000808f87b0,0x0000000086680000)
 Metaspace       used 34026K, capacity 35344K, committed 35416K, reserved 1079296K
  class space    used 4798K, capacity 5063K, committed 5120K, reserved 1048576K
Event: 3.796 GC heap after
Heap after GC invocations=8 (full 1):
 PSYoungGen      total 109568K, used 6920K [0x00000000d5580000, 0x00000000e0480000, 0x0000000100000000)
  eden space 96768K, 0% used [0x00000000d5580000,0x00000000d5580000,0x00000000db400000)
  from space 12800K, 54% used [0x00000000db400000,0x00000000dbac2190,0x00000000dc080000)
  to   space 12288K, 0% used [0x00000000df880000,0x00000000df880000,0x00000000e0480000)
 ParOldGen       total 104960K, used 9193K [0x0000000080000000, 0x0000000086680000, 0x00000000d5580000)
  object space 104960K, 8% used [0x0000000080000000,0x00000000808fa7b0,0x0000000086680000)
 Metaspace       used 34026K, capacity 35344K, committed 35416K, reserved 1079296K
  class space    used 4798K, capacity 5063K, committed 5120K, reserved 1048576K
}
Event: 3.796 GC heap before
{Heap before GC invocations=9 (full 2):
 PSYoungGen      total 109568K, used 6920K [0x00000000d5580000, 0x00000000e0480000, 0x0000000100000000)
  eden space 96768K, 0% used [0x00000000d5580000,0x00000000d5580000,0x00000000db400000)
  from space 12800K, 54% used [0x00000000db400000,0x00000000dbac2190,0x00000000dc080000)
  to   space 12288K, 0% used [0x00000000df880000,0x00000000df880000,0x00000000e0480000)
 ParOldGen       total 104960K, used 9193K [0x0000000080000000, 0x0000000086680000, 0x00000000d5580000)
  object space 104960K, 8% used [0x0000000080000000,0x00000000808fa7b0,0x0000000086680000)
 Metaspace       used 34026K, capacity 35344K, committed 35416K, reserved 1079296K
  class space    used 4798K, capacity 5063K, committed 5120K, reserved 1048576K
Event: 3.829 GC heap after
Heap after GC invocations=9 (full 2):
 PSYoungGen      total 109568K, used 0K [0x00000000d5580000, 0x00000000e0480000, 0x0000000100000000)
  eden space 96768K, 0% used [0x00000000d5580000,0x00000000d5580000,0x00000000db400000)
  from space 12800K, 0% used [0x00000000db400000,0x00000000db400000,0x00000000dc080000)
  to   space 12288K, 0% used [0x00000000df880000,0x00000000df880000,0x00000000e0480000)
 ParOldGen       total 159232K, used 13796K [0x0000000080000000, 0x0000000089b80000, 0x00000000d5580000)
  object space 159232K, 8% used [0x0000000080000000,0x0000000080d790f0,0x0000000089b80000)
 Metaspace       used 34026K, capacity 35344K, committed 35416K, reserved 1079296K
  class space    used 4798K, capacity 5063K, committed 5120K, reserved 1048576K
}
Event: 4.423 GC heap before
{Heap before GC invocations=10 (full 2):
 PSYoungGen      total 109568K, used 96768K [0x00000000d5580000, 0x00000000e0480000, 0x0000000100000000)
  eden space 96768K, 100% used [0x00000000d5580000,0x00000000db400000,0x00000000db400000)
  from space 12800K, 0% used [0x00000000db400000,0x00000000db400000,0x00000000dc080000)
  to   space 12288K, 0% used [0x00000000df880000,0x00000000df880000,0x00000000e0480000)
 ParOldGen       total 159232K, used 13796K [0x0000000080000000, 0x0000000089b80000, 0x00000000d5580000)
  object space 159232K, 8% used [0x0000000080000000,0x0000000080d790f0,0x0000000089b80000)
 Metaspace       used 37740K, capacity 39490K, committed 39552K, reserved 1083392K
  class space    used 5366K, capacity 5734K, committed 5760K, reserved 1048576K
Event: 4.428 GC heap after
Heap after GC invocations=10 (full 2):
 PSYoungGen      total 147456K, used 6933K [0x00000000d5580000, 0x00000000dff80000, 0x0000000100000000)
  eden space 140288K, 0% used [0x00000000d5580000,0x00000000d5580000,0x00000000dde80000)
  from space 7168K, 96% used [0x00000000df880000,0x00000000dff45698,0x00000000dff80000)
  to   space 12288K, 0% used [0x00000000de780000,0x00000000de780000,0x00000000df380000)
 ParOldGen       total 159232K, used 13804K [0x0000000080000000, 0x0000000089b80000, 0x00000000d5580000)
  object space 159232K, 8% used [0x0000000080000000,0x0000000080d7b0f0,0x0000000089b80000)
 Metaspace       used 37740K, capacity 39490K, committed 39552K, reserved 1083392K
  class space    used 5366K, capacity 5734K, committed 5760K, reserved 1048576K
}
Event: 5.997 GC heap before
{Heap before GC invocations=11 (full 2):
 PSYoungGen      total 147456K, used 147221K [0x00000000d5580000, 0x00000000dff80000, 0x0000000100000000)
  eden space 140288K, 100% used [0x00000000d5580000,0x00000000dde80000,0x00000000dde80000)
  from space 7168K, 96% used [0x00000000df880000,0x00000000dff45698,0x00000000dff80000)
  to   space 12288K, 0% used [0x00000000de780000,0x00000000de780000,0x00000000df380000)
 ParOldGen       total 159232K, used 13804K [0x0000000080000000, 0x0000000089b80000, 0x00000000d5580000)
  object space 159232K, 8% used [0x0000000080000000,0x0000000080d7b0f0,0x0000000089b80000)
 Metaspace       used 48673K, capacity 51174K, committed 51456K, reserved 1093632K
  class space    used 6774K, capacity 7316K, committed 7424K, reserved 1048576K
Event: 6.014 GC heap after
Heap after GC invocations=11 (full 2):
 PSYoungGen      total 161792K, used 12266K [0x00000000d5580000, 0x00000000e2280000, 0x0000000100000000)
  eden space 149504K, 0% used [0x00000000d5580000,0x00000000d5580000,0x00000000de780000)
  from space 12288K, 99% used [0x00000000de780000,0x00000000df37a908,0x00000000df380000)
  to   space 16384K, 0% used [0x00000000e1280000,0x00000000e1280000,0x00000000e2280000)
 ParOldGen       total 159232K, used 21266K [0x0000000080000000, 0x0000000089b80000, 0x00000000d5580000)
  object space 159232K, 13% used [0x0000000080000000,0x00000000814c4a38,0x0000000089b80000)
 Metaspace       used 48673K, capacity 51174K, committed 51456K, reserved 1093632K
  class space    used 6774K, capacity 7316K, committed 7424K, reserved 1048576K
}

