# JRE version: Java(TM) SE Runtime Environment (8.0_301-b09) (build 1.8.0_301-b09)
# Java VM: Java HotSpot(TM) 64-Bit Server VM (25.301-b09 mixed mode windows-amd64 compressed oops)
Heap:
 PSYoungGen      total 111616K, used 37902K [0x00000000d5580000, 0x00000000e0c80000, 0x0000000100000000)
  eden space 98816K, 38% used [0x00000000d5580000,0x00000000d7a83b98,0x00000000db600000)
  from space 12800K, 0% used [0x00000000db600000,0x00000000db600000,0x00000000dc280000)
  to   space 12288K, 0% used [0x00000000e0080000,0x00000000e0080000,0x00000000e0c80000)
 ParOldGen       total 103936K, used 14322K [0x0000000080000000, 0x0000000086580000, 0x00000000d5580000)
  object space 103936K, 13% used [0x0000000080000000,0x0000000080dfca70,0x0000000086580000)
 Metaspace       used 35262K, capacity 36758K, committed 36864K, reserved 1081344K
  class space    used 4995K, capacity 5316K, committed 5376K, reserved 1048576K
GC Heap History (10 events):
Event: 3.101 GC heap before
{Heap before GC invocations=5 (full 1):
 PSYoungGen      total 75776K, used 9408K [0x00000000d5580000, 0x00000000de980000, 0x0000000100000000)
  eden space 65024K, 0% used [0x00000000d5580000,0x00000000d5580000,0x00000000d9500000)
  from space 10752K, 87% used [0x00000000d9f80000,0x00000000da8b03d0,0x00000000daa00000)
  to   space 10752K, 0% used [0x00000000d9500000,0x00000000d9500000,0x00000000d9f80000)
 ParOldGen       total 173568K, used 40K [0x0000000080000000, 0x000000008a980000, 0x00000000d5580000)
  object space 173568K, 0% used [0x0000000080000000,0x000000008000a000,0x000000008a980000)
 Metaspace       used 20333K, capacity 21114K, committed 21296K, reserved 1067008K
  class space    used 3008K, capacity 3193K, committed 3200K, reserved 1048576K
Event: 3.128 GC heap after
Heap after GC invocations=5 (full 1):
 PSYoungGen      total 75776K, used 0K [0x00000000d5580000, 0x00000000de980000, 0x0000000100000000)
  eden space 65024K, 0% used [0x00000000d5580000,0x00000000d5580000,0x00000000d9500000)
  from space 10752K, 0% used [0x00000000d9f80000,0x00000000d9f80000,0x00000000daa00000)
  to   space 10752K, 0% used [0x00000000d9500000,0x00000000d9500000,0x00000000d9f80000)
 ParOldGen       total 103936K, used 9086K [0x0000000080000000, 0x0000000086580000, 0x00000000d5580000)
  object space 103936K, 8% used [0x0000000080000000,0x00000000808dfbd8,0x0000000086580000)
 Metaspace       used 20333K, capacity 21114K, committed 21296K, reserved 1067008K
  class space    used 3008K, capacity 3193K, committed 3200K, reserved 1048576K
}
Event: 3.601 GC heap before
{Heap before GC invocations=6 (full 1):
 PSYoungGen      total 75776K, used 65024K [0x00000000d5580000, 0x00000000de980000, 0x0000000100000000)
  eden space 65024K, 100% used [0x00000000d5580000,0x00000000d9500000,0x00000000d9500000)
  from space 10752K, 0% used [0x00000000d9f80000,0x00000000d9f80000,0x00000000daa00000)
  to   space 10752K, 0% used [0x00000000d9500000,0x00000000d9500000,0x00000000d9f80000)
 ParOldGen       total 103936K, used 9086K [0x0000000080000000, 0x0000000086580000, 0x00000000d5580000)
  object space 103936K, 8% used [0x0000000080000000,0x00000000808dfbd8,0x0000000086580000)
 Metaspace       used 23989K, capacity 24910K, committed 25216K, reserved 1071104K
  class space    used 3618K, capacity 3871K, committed 3968K, reserved 1048576K
Event: 3.605 GC heap after
Heap after GC invocations=6 (full 1):
 PSYoungGen      total 75776K, used 4777K [0x00000000d5580000, 0x00000000dce80000, 0x0000000100000000)
  eden space 65024K, 0% used [0x00000000d5580000,0x00000000d5580000,0x00000000d9500000)
  from space 10752K, 44% used [0x00000000d9500000,0x00000000d99aa748,0x00000000d9f80000)
  to   space 12288K, 0% used [0x00000000dc280000,0x00000000dc280000,0x00000000dce80000)
 ParOldGen       total 103936K, used 9094K [0x0000000080000000, 0x0000000086580000, 0x00000000d5580000)
  object space 103936K, 8% used [0x0000000080000000,0x00000000808e1bd8,0x0000000086580000)
 Metaspace       used 23989K, capacity 24910K, committed 25216K, reserved 1071104K
  class space    used 3618K, capacity 3871K, committed 3968K, reserved 1048576K
}
Event: 4.303 GC heap before
{Heap before GC invocations=7 (full 1):
 PSYoungGen      total 75776K, used 69801K [0x00000000d5580000, 0x00000000dce80000, 0x0000000100000000)
  eden space 65024K, 100% used [0x00000000d5580000,0x00000000d9500000,0x00000000d9500000)
  from space 10752K, 44% used [0x00000000d9500000,0x00000000d99aa748,0x00000000d9f80000)
  to   space 12288K, 0% used [0x00000000dc280000,0x00000000dc280000,0x00000000dce80000)
 ParOldGen       total 103936K, used 9094K [0x0000000080000000, 0x0000000086580000, 0x00000000d5580000)
  object space 103936K, 8% used [0x0000000080000000,0x00000000808e1bd8,0x0000000086580000)
 Metaspace       used 32120K, capacity 33406K, committed 33664K, reserved 1077248K
  class space    used 4611K, capacity 4886K, committed 4992K, reserved 1048576K
Event: 4.313 GC heap after
Heap after GC invocations=7 (full 1):
 PSYoungGen      total 111104K, used 9720K [0x00000000d5580000, 0x00000000dd100000, 0x0000000100000000)
  eden space 98816K, 0% used [0x00000000d5580000,0x00000000d5580000,0x00000000db600000)
  from space 12288K, 79% used [0x00000000dc280000,0x00000000dcbfe208,0x00000000dce80000)
  to   space 12800K, 0% used [0x00000000db600000,0x00000000db600000,0x00000000dc280000)
 ParOldGen       total 103936K, used 9102K [0x0000000080000000, 0x0000000086580000, 0x00000000d5580000)
  object space 103936K, 8% used [0x0000000080000000,0x00000000808e3bd8,0x0000000086580000)
 Metaspace       used 32120K, capacity 33406K, committed 33664K, reserved 1077248K
  class space    used 4611K, capacity 4886K, committed 4992K, reserved 1048576K
}
Event: 4.509 GC heap before
{Heap before GC invocations=8 (full 1):
 PSYoungGen      total 111104K, used 37130K [0x00000000d5580000, 0x00000000dd100000, 0x0000000100000000)
  eden space 98816K, 27% used [0x00000000d5580000,0x00000000d7044950,0x00000000db600000)
  from space 12288K, 79% used [0x00000000dc280000,0x00000000dcbfe208,0x00000000dce80000)
  to   space 12800K, 0% used [0x00000000db600000,0x00000000db600000,0x00000000dc280000)
 ParOldGen       total 103936K, used 9102K [0x0000000080000000, 0x0000000086580000, 0x00000000d5580000)
  object space 103936K, 8% used [0x0000000080000000,0x00000000808e3bd8,0x0000000086580000)
 Metaspace       used 34141K, capacity 35452K, committed 35496K, reserved 1079296K
  class space    used 4813K, capacity 5101K, committed 5120K, reserved 1048576K
Event: 4.515 GC heap after
Heap after GC invocations=8 (full 1):
 PSYoungGen      total 111616K, used 7492K [0x00000000d5580000, 0x00000000e0c80000, 0x0000000100000000)
  eden space 98816K, 0% used [0x00000000d5580000,0x00000000d5580000,0x00000000db600000)
  from space 12800K, 58% used [0x00000000db600000,0x00000000dbd513f0,0x00000000dc280000)
  to   space 12288K, 0% used [0x00000000e0080000,0x00000000e0080000,0x00000000e0c80000)
 ParOldGen       total 103936K, used 9110K [0x0000000080000000, 0x0000000086580000, 0x00000000d5580000)
  object space 103936K, 8% used [0x0000000080000000,0x00000000808e5bd8,0x0000000086580000)
 Metaspace       used 34141K, capacity 35452K, committed 35496K, reserved 1079296K
  class space    used 4813K, capacity 5101K, committed 5120K, reserved 1048576K
}
Event: 4.515 GC heap before
{Heap before GC invocations=9 (full 2):
 PSYoungGen      total 111616K, used 7492K [0x00000000d5580000, 0x00000000e0c80000, 0x0000000100000000)
  eden space 98816K, 0% used [0x00000000d5580000,0x00000000d5580000,0x00000000db600000)
  from space 12800K, 58% used [0x00000000db600000,0x00000000dbd513f0,0x00000000dc280000)
  to   space 12288K, 0% used [0x00000000e0080000,0x00000000e0080000,0x00000000e0c80000)
 ParOldGen       total 103936K, used 9110K [0x0000000080000000, 0x0000000086580000, 0x00000000d5580000)
  object space 103936K, 8% used [0x0000000080000000,0x00000000808e5bd8,0x0000000086580000)
 Metaspace       used 34141K, capacity 35452K, committed 35496K, reserved 1079296K
  class space    used 4813K, capacity 5101K, committed 5120K, reserved 1048576K
Event: 4.553 GC heap after
Heap after GC invocations=9 (full 2):
 PSYoungGen      total 111616K, used 0K [0x00000000d5580000, 0x00000000e0c80000, 0x0000000100000000)
  eden space 98816K, 0% used [0x00000000d5580000,0x00000000d5580000,0x00000000db600000)
  from space 12800K, 0% used [0x00000000db600000,0x00000000db600000,0x00000000dc280000)
  to   space 12288K, 0% used [0x00000000e0080000,0x00000000e0080000,0x00000000e0c80000)
 ParOldGen       total 103936K, used 14322K [0x0000000080000000, 0x0000000086580000, 0x00000000d5580000)
  object space 103936K, 13% used [0x0000000080000000,0x0000000080dfca70,0x0000000086580000)
 Metaspace       used 34141K, capacity 35452K, committed 35496K, reserved 1079296K
  class space    used 4813K, capacity 5101K, committed 5120K, reserved 1048576K
}

